/*C1*/SET SCHEMA SYSTEM_LOBS
INSERT INTO BLOCKS VALUES(0,2147483647,0)
COMMIT
/*C3*/SET SCHEMA PUBLIC
CREATE TABLE IF NOT EXISTS Tabla1 (id INT, nombre VARCHAR(255))
DISCONNECT
/*C5*/SET SCHEMA PUBLIC
DISCONNECT
/*C6*/SET SCHEMA PUBLIC
INSERT INTO TABLA1 VALUES(1,'Juan Antonio Sanchez Flores')
COMMIT
DISCONNECT
/*C7*/SET SCHEMA PUBLIC
DISCONNECT
/*C8*/SET SCHEMA PUBLIC
DELETE FROM TABLA1 WHERE ID=1 AND NOMBRE='Juan Antonio Sanchez Flores'
COMMIT
DISCONNECT
/*C9*/SET SCHEMA PUBLIC
DISCONNECT
/*C10*/SET SCHEMA PUBLIC
DISCONNECT
/*C11*/SET SCHEMA PUBLIC
INSERT INTO TABLA1 VALUES(1,'Juani')
COMMIT
DISCONNECT
/*C12*/SET SCHEMA PUBLIC
DISCONNECT
/*C13*/SET SCHEMA PUBLIC
DELETE FROM TABLA1 WHERE ID=1 AND NOMBRE='Juani'
INSERT INTO TABLA1 VALUES(1,'Miguel')
COMMIT
/*C14*/SET SCHEMA PUBLIC
DISCONNECT
/*C15*/SET SCHEMA PUBLIC
DELETE FROM TABLA1 WHERE ID=1 AND NOMBRE='Miguel'
INSERT INTO TABLA1 VALUES(1,'Juan Antonio S\u00e1nchez Flores')
COMMIT
/*C16*/SET SCHEMA PUBLIC
DISCONNECT
