/*C1*/SET SCHEMA SYSTEM_LOBS
INSERT INTO BLOCKS VALUES(0,2147483647,0)
COMMIT
/*C3*/SET SCHEMA PUBLIC
CREATE TABLE IF NOT EXISTS nuevatabla (id INT, nombre VARCHAR(255))
DISCONNECT
/*C5*/SET SCHEMA PUBLIC
DISCONNECT
/*C6*/SET SCHEMA PUBLIC
INSERT INTO NUEVATABLA VALUES(12,'juani')
COMMIT
DISCONNECT
/*C7*/SET SCHEMA PUBLIC
DISCONNECT
/*C8*/SET SCHEMA PUBLIC
INSERT INTO NUEVATABLA VALUES(23,'antonio')
COMMIT
DISCONNECT
/*C9*/SET SCHEMA PUBLIC
DISCONNECT
/*C11*/SET SCHEMA PUBLIC
DELETE FROM NUEVATABLA WHERE ID=23 AND NOMBRE='antonio'
INSERT INTO NUEVATABLA VALUES(23,'mihgue')
COMMIT
/*C13*/SET SCHEMA PUBLIC
DISCONNECT
/*C14*/SET SCHEMA PUBLIC
DISCONNECT
/*C15*/SET SCHEMA PUBLIC
DELETE FROM NUEVATABLA WHERE ID=23 AND NOMBRE='mihgue'
COMMIT
DISCONNECT
